<?xml version="1.0" encoding="UTF-8"?>
<!-- Generated by org.testng.reporters.JUnitReportReporter -->
<testsuite skipped="0" hostname="MTL116" name="testautomationjava.testscripts.LoginTest" tests="4" failures="0" timestamp="07 Nov 2019 13:04:58 GMT" time="181.506" errors="0">
  <testcase name="loginWithValidCredentialsTest" time="49.306" classname="testautomationjava.testscripts.LoginTest"/>
  <testcase name="loginWithInvalidCredentialsTest" time="39.788" classname="testautomationjava.testscripts.LoginTest"/>
  <testcase name="loginWithInvalidCredentialsTest" time="44.224" classname="testautomationjava.testscripts.LoginTest"/>
  <testcase name="loginWithValidCredentialsTest" time="48.188" classname="testautomationjava.testscripts.LoginTest"/>
</testsuite> <!-- testautomationjava.testscripts.LoginTest -->
